<?xml version="1.0" encoding="UTF-8"?>
<testng-results ignored="0" total="1" passed="1" failed="0" skipped="0">
  <reporter-output>
  </reporter-output>
  <suite started-at="2025-02-19T17:24:46 IST" name="Suite" finished-at="2025-02-19T17:24:47 IST" duration-ms="48">
    <groups>
    </groups>
    <test started-at="2025-02-19T17:24:46 IST" name="Test" finished-at="2025-02-19T17:24:47 IST" duration-ms="48">
      <class name="Automation_Framework.demo">
        <test-method signature="add()[pri:0, instance:Automation_Framework.demo@54bff557]" started-at="2025-02-19T17:24:47 IST" name="add" finished-at="2025-02-19T17:24:47 IST" duration-ms="10" status="PASS">
          <reporter-output>
          </reporter-output>
        </test-method> <!-- add -->
      </class> <!-- Automation_Framework.demo -->
    </test> <!-- Test -->
  </suite> <!-- Suite -->
</testng-results>
