<?xml version="1.0" encoding="UTF-8"?>
<testng-results ignored="0" total="1" passed="1" failed="0" skipped="0">
  <reporter-output>
  </reporter-output>
  <suite started-at="2025-03-08T21:47:21 IST" name="Suite" finished-at="2025-03-08T21:47:21 IST" duration-ms="42">
    <groups>
    </groups>
    <test started-at="2025-03-08T21:47:21 IST" name="Test" finished-at="2025-03-08T21:47:21 IST" duration-ms="42">
      <class name="Automation_Framework.demo">
        <test-method signature="add()[pri:0, instance:Automation_Framework.demo@66498326]" started-at="2025-03-08T21:47:21 IST" name="add" finished-at="2025-03-08T21:47:21 IST" duration-ms="8" status="PASS">
          <reporter-output>
          </reporter-output>
        </test-method> <!-- add -->
      </class> <!-- Automation_Framework.demo -->
    </test> <!-- Test -->
  </suite> <!-- Suite -->
</testng-results>
